  CREATE_STREAM @145000 {NAME:seq T:Transactions SCOPE:uvm_test_top.tb_env.axi_agt.sequencer STREAM:707}
  CREATE_STREAM @145000 {NAME:seq T:Transactions SCOPE:uvm_test_top.tb_env.axi_agt.sequencer STREAM:707}
  CREATE_STREAM @145000 {NAME:seq T:Transactions SCOPE:uvm_test_top.tb_env.axi_agt.sequencer STREAM:707}
  CREATE_STREAM @145000 {NAME:seq T:Transactions SCOPE:uvm_test_top.tb_env.axi_agt.sequencer STREAM:707}
  CREATE_STREAM @145000 {NAME:seq T:Transactions SCOPE:uvm_test_top.tb_env.axi_agt.sequencer STREAM:707}
  CREATE_STREAM @145000 {NAME:wr_seq T:Transactions SCOPE:uvm_test_top.tb_env.axi_agt.sequencer STREAM:707}
  CREATE_STREAM @1005000 {NAME:rd_seq T:Transactions SCOPE:uvm_test_top.tb_env.axi_agt.sequencer STREAM:753}
  CREATE_STREAM @145000 {NAME:seq T:Transactions SCOPE:uvm_test_top.tb_env.axi_agt.sequencer STREAM:707}
  CREATE_STREAM @145000 {NAME:wr_seq T:Transactions SCOPE:uvm_test_top.tb_env.axi_agt.sequencer STREAM:707}
  CREATE_STREAM @1005000 {NAME:rd_seq T:Transactions SCOPE:uvm_test_top.tb_env.axi_agt.sequencer STREAM:753}
  CREATE_STREAM @145000 {NAME:seq_0 T:Transactions SCOPE:uvm_test_top.tb_env.axi_agt.sequencer STREAM:707}
  CREATE_STREAM @145000 {NAME:seq T:Transactions SCOPE:uvm_test_top.tb_env.axi_agt.sequencer STREAM:707}
  CREATE_STREAM @145000 {NAME:seq1 T:Transactions SCOPE:uvm_test_top.tb_env.axi_agt.sequencer STREAM:707}
  CREATE_STREAM @1865000 {NAME:seq2 T:Transactions SCOPE:uvm_test_top.tb_env.axi_agt.sequencer STREAM:823}
  CREATE_STREAM @145000 {NAME:seq T:Transactions SCOPE:uvm_test_top.tb_env.axi_agt.sequencer STREAM:707}
  CREATE_STREAM @145000 {NAME:seq T:Transactions SCOPE:uvm_test_top.tb_env.axi_agt.sequencer STREAM:707}
  CREATE_STREAM @145000 {NAME:wr_seq T:Transactions SCOPE:uvm_test_top.tb_env.axi_agt.sequencer STREAM:707}
  CREATE_STREAM @1005000 {NAME:rd_seq T:Transactions SCOPE:uvm_test_top.tb_env.axi_agt.sequencer STREAM:753}
  CREATE_STREAM @145000 {NAME:seq T:Transactions SCOPE:uvm_test_top.tb_env.axi_agt.sequencer STREAM:707}
  CREATE_STREAM @145000 {NAME:seq T:Transactions SCOPE:uvm_test_top.tb_env.axi_agt.sequencer STREAM:707}
  CREATE_STREAM @145000 {NAME:seq1 T:Transactions SCOPE:uvm_test_top.tb_env.axi_agt.sequencer STREAM:707}
  CREATE_STREAM @1865000 {NAME:seq2 T:Transactions SCOPE:uvm_test_top.tb_env.axi_agt.sequencer STREAM:823}
  CREATE_STREAM @145000 {NAME:seq T:Transactions SCOPE:uvm_test_top.tb_env.axi_agt.sequencer STREAM:707}
  CREATE_STREAM @145000 {NAME:seq T:Transactions SCOPE:uvm_test_top.tb_env.axi_agt.sequencer STREAM:707}
  CREATE_STREAM @145000 {NAME:seq T:Transactions SCOPE:uvm_test_top.tb_env.axi_agt.sequencer STREAM:707}
  CREATE_STREAM @145000 {NAME:seq T:Transactions SCOPE:uvm_test_top.tb_env.axi_agt.sequencer STREAM:707}
  CREATE_STREAM @145000 {NAME:seq T:Transactions SCOPE:uvm_test_top.tb_env.axi_agt.sequencer STREAM:707}
  CREATE_STREAM @145000 {NAME:seq_0 T:Transactions SCOPE:uvm_test_top.tb_env.axi_agt.sequencer STREAM:707}
  CREATE_STREAM @145000 {NAME:seq_0 T:Transactions SCOPE:uvm_test_top.tb_env.axi_agt.sequencer STREAM:707}
  CREATE_STREAM @145000 {NAME:seq T:Transactions SCOPE:uvm_test_top.tb_env.axi_agt.sequencer STREAM:707}
  CREATE_STREAM @145000 {NAME:seq T:Transactions SCOPE:uvm_test_top.tb_env.axi_agt.sequencer STREAM:707}
  CREATE_STREAM @245000 {NAME:seq_0 T:Transactions SCOPE:uvm_test_top.tb_env.axi_agt.sequencer STREAM:709}
  CREATE_STREAM @245000 {NAME:seq T:Transactions SCOPE:uvm_test_top.tb_env.axi_agt.sequencer STREAM:709}
  CREATE_STREAM @245000 {NAME:seq T:Transactions SCOPE:uvm_test_top.tb_env.axi_agt.sequencer STREAM:709}
  CREATE_STREAM @245000 {NAME:seq T:Transactions SCOPE:uvm_test_top.tb_env.axi_agt.sequencer STREAM:709}
  CREATE_STREAM @245000 {NAME:seq T:Transactions SCOPE:uvm_test_top.tb_env.axi_agt.sequencer STREAM:709}
  CREATE_STREAM @245000 {NAME:seq T:Transactions SCOPE:uvm_test_top.tb_env.axi_agt.sequencer STREAM:709}
  CREATE_STREAM @245000 {NAME:seq T:Transactions SCOPE:uvm_test_top.tb_env.axi_agt.sequencer STREAM:709}
  CREATE_STREAM @245000 {NAME:seq T:Transactions SCOPE:uvm_test_top.tb_env.axi_agt.sequencer STREAM:709}
  CREATE_STREAM @245000 {NAME:seq T:Transactions SCOPE:uvm_test_top.tb_env.axi_agt.sequencer STREAM:709}
  CREATE_STREAM @245000 {NAME:seq T:Transactions SCOPE:uvm_test_top.tb_env.axi_agt.sequencer STREAM:709}
  CREATE_STREAM @145000 {NAME:seq T:Transactions SCOPE:uvm_test_top.tb_env.axi_agt.sequencer STREAM:707}
  CREATE_STREAM @145000 {NAME:seq T:Transactions SCOPE:uvm_test_top.tb_env.axi_agt.sequencer STREAM:707}
  CREATE_STREAM @145000 {NAME:seq_rst T:Transactions SCOPE:uvm_test_top.tb_env.axi_agt.sequencer STREAM:715}
  CREATE_STREAM @825000 {NAME:seq_wr T:Transactions SCOPE:uvm_test_top.tb_env.axi_agt.sequencer STREAM:773}
  CREATE_STREAM @1685000 {NAME:seq_rd T:Transactions SCOPE:uvm_test_top.tb_env.axi_agt.sequencer STREAM:819}
  CREATE_STREAM @2365000 {NAME:seq_strb T:Transactions SCOPE:uvm_test_top.tb_env.axi_agt.sequencer STREAM:881}
  CREATE_STREAM @4255000 {NAME:seq_irq T:Transactions SCOPE:uvm_test_top.tb_env.axi_agt.sequencer STREAM:1039}
  CREATE_STREAM @5975000 {NAME:seq_irq_mult T:Transactions SCOPE:uvm_test_top.tb_env.axi_agt.sequencer STREAM:1155}
  CREATE_STREAM @10525000 {NAME:seq_conc T:Transactions SCOPE:uvm_test_top.tb_env.axi_agt.sequencer STREAM:1569}
  CREATE_STREAM @13945000 {NAME:seq_rand T:Transactions SCOPE:uvm_test_top.tb_env.axi_agt.sequencer STREAM:1883}
  CREATE_STREAM @145000 {NAME:seq_rst T:Transactions SCOPE:uvm_test_top.tb_env.axi_agt.sequencer STREAM:715}
  CREATE_STREAM @825000 {NAME:seq_wr T:Transactions SCOPE:uvm_test_top.tb_env.axi_agt.sequencer STREAM:773}
  CREATE_STREAM @1685000 {NAME:seq_rd T:Transactions SCOPE:uvm_test_top.tb_env.axi_agt.sequencer STREAM:819}
  CREATE_STREAM @2365000 {NAME:seq_strb T:Transactions SCOPE:uvm_test_top.tb_env.axi_agt.sequencer STREAM:881}
  CREATE_STREAM @4255000 {NAME:seq_irq T:Transactions SCOPE:uvm_test_top.tb_env.axi_agt.sequencer STREAM:1039}
  CREATE_STREAM @5975000 {NAME:seq_irq_mult T:Transactions SCOPE:uvm_test_top.tb_env.axi_agt.sequencer STREAM:1155}
  CREATE_STREAM @10525000 {NAME:seq_conc T:Transactions SCOPE:uvm_test_top.tb_env.axi_agt.sequencer STREAM:1569}
  CREATE_STREAM @13968000 {NAME:seq_rand T:Transactions SCOPE:uvm_test_top.tb_env.axi_agt.sequencer STREAM:1883}
  CREATE_STREAM @245000 {NAME:seq T:Transactions SCOPE:uvm_test_top.tb_env.axi_agt.sequencer STREAM:709}
  CREATE_STREAM @245000 {NAME:seq T:Transactions SCOPE:uvm_test_top.tb_env.axi_agt.sequencer STREAM:709}
  CREATE_STREAM @245000 {NAME:seq T:Transactions SCOPE:uvm_test_top.tb_env.axi_agt.sequencer STREAM:709}
  CREATE_STREAM @245000 {NAME:seq T:Transactions SCOPE:uvm_test_top.tb_env.axi_agt.sequencer STREAM:709}
  CREATE_STREAM @245000 {NAME:seq T:Transactions SCOPE:uvm_test_top.tb_env.axi_agt.sequencer STREAM:709}
  CREATE_STREAM @245000 {NAME:seq T:Transactions SCOPE:uvm_test_top.tb_env.axi_agt.sequencer STREAM:709}
  CREATE_STREAM @245000 {NAME:seq T:Transactions SCOPE:uvm_test_top.tb_env.axi_agt.sequencer STREAM:709}
  CREATE_STREAM @245000 {NAME:seq T:Transactions SCOPE:uvm_test_top.tb_env.axi_agt.sequencer STREAM:709}
  CREATE_STREAM @245000 {NAME:seq T:Transactions SCOPE:uvm_test_top.tb_env.axi_agt.sequencer STREAM:709}
  CREATE_STREAM @245000 {NAME:seq T:Transactions SCOPE:uvm_test_top.tb_env.axi_agt.sequencer STREAM:709}
  CREATE_STREAM @245000 {NAME:seq T:Transactions SCOPE:uvm_test_top.tb_env.axi_agt.sequencer STREAM:709}
  CREATE_STREAM @245000 {NAME:seq_rst T:Transactions SCOPE:uvm_test_top.tb_env.axi_agt.sequencer STREAM:717}
  CREATE_STREAM @925000 {NAME:seq_wr T:Transactions SCOPE:uvm_test_top.tb_env.axi_agt.sequencer STREAM:775}
  CREATE_STREAM @1785000 {NAME:seq_rd T:Transactions SCOPE:uvm_test_top.tb_env.axi_agt.sequencer STREAM:821}
  CREATE_STREAM @2465000 {NAME:seq_strb T:Transactions SCOPE:uvm_test_top.tb_env.axi_agt.sequencer STREAM:883}
  CREATE_STREAM @4355000 {NAME:seq_irq T:Transactions SCOPE:uvm_test_top.tb_env.axi_agt.sequencer STREAM:1041}
  CREATE_STREAM @6075000 {NAME:seq_irq_mult T:Transactions SCOPE:uvm_test_top.tb_env.axi_agt.sequencer STREAM:1157}
  CREATE_STREAM @10625000 {NAME:seq_conc T:Transactions SCOPE:uvm_test_top.tb_env.axi_agt.sequencer STREAM:1571}
  CREATE_STREAM @14075000 {NAME:seq_rand T:Transactions SCOPE:uvm_test_top.tb_env.axi_agt.sequencer STREAM:1885}
  CREATE_STREAM @245000 {NAME:seq_rst T:Transactions SCOPE:uvm_test_top.tb_env.axi_agt.sequencer STREAM:717}
  CREATE_STREAM @925000 {NAME:seq_wr T:Transactions SCOPE:uvm_test_top.tb_env.axi_agt.sequencer STREAM:775}
  CREATE_STREAM @1785000 {NAME:seq_rd T:Transactions SCOPE:uvm_test_top.tb_env.axi_agt.sequencer STREAM:821}
  CREATE_STREAM @2465000 {NAME:seq_strb T:Transactions SCOPE:uvm_test_top.tb_env.axi_agt.sequencer STREAM:883}
  CREATE_STREAM @4355000 {NAME:seq_irq T:Transactions SCOPE:uvm_test_top.tb_env.axi_agt.sequencer STREAM:1041}
  CREATE_STREAM @6075000 {NAME:seq_irq_mult T:Transactions SCOPE:uvm_test_top.tb_env.axi_agt.sequencer STREAM:1157}
  CREATE_STREAM @10625000 {NAME:seq_conc T:Transactions SCOPE:uvm_test_top.tb_env.axi_agt.sequencer STREAM:1571}
  CREATE_STREAM @14070000 {NAME:seq_rand T:Transactions SCOPE:uvm_test_top.tb_env.axi_agt.sequencer STREAM:1885}
  CREATE_STREAM @245000 {NAME:seq_rst T:Transactions SCOPE:uvm_test_top.tb_env.axi_agt.sequencer STREAM:717}
  CREATE_STREAM @925000 {NAME:seq_wr T:Transactions SCOPE:uvm_test_top.tb_env.axi_agt.sequencer STREAM:775}
  CREATE_STREAM @1785000 {NAME:seq_rd T:Transactions SCOPE:uvm_test_top.tb_env.axi_agt.sequencer STREAM:821}
  CREATE_STREAM @2465000 {NAME:seq_strb T:Transactions SCOPE:uvm_test_top.tb_env.axi_agt.sequencer STREAM:883}
  CREATE_STREAM @4355000 {NAME:seq_irq T:Transactions SCOPE:uvm_test_top.tb_env.axi_agt.sequencer STREAM:1041}
  CREATE_STREAM @6075000 {NAME:seq_irq_mult T:Transactions SCOPE:uvm_test_top.tb_env.axi_agt.sequencer STREAM:1157}
  CREATE_STREAM @10625000 {NAME:seq_conc T:Transactions SCOPE:uvm_test_top.tb_env.axi_agt.sequencer STREAM:1571}
  CREATE_STREAM @14067000 {NAME:seq_rand T:Transactions SCOPE:uvm_test_top.tb_env.axi_agt.sequencer STREAM:1885}
  CREATE_STREAM @245000 {NAME:seq_rst T:Transactions SCOPE:uvm_test_top.tb_env.axi_agt.sequencer STREAM:717}
  CREATE_STREAM @925000 {NAME:seq_wr T:Transactions SCOPE:uvm_test_top.tb_env.axi_agt.sequencer STREAM:775}
  CREATE_STREAM @1785000 {NAME:seq_rd T:Transactions SCOPE:uvm_test_top.tb_env.axi_agt.sequencer STREAM:821}
  CREATE_STREAM @2465000 {NAME:seq_strb T:Transactions SCOPE:uvm_test_top.tb_env.axi_agt.sequencer STREAM:883}
  CREATE_STREAM @4355000 {NAME:seq_irq T:Transactions SCOPE:uvm_test_top.tb_env.axi_agt.sequencer STREAM:1041}
  CREATE_STREAM @6075000 {NAME:seq_irq_mult T:Transactions SCOPE:uvm_test_top.tb_env.axi_agt.sequencer STREAM:1157}
  CREATE_STREAM @10625000 {NAME:seq_conc T:Transactions SCOPE:uvm_test_top.tb_env.axi_agt.sequencer STREAM:1571}
  CREATE_STREAM @14063000 {NAME:seq_rand T:Transactions SCOPE:uvm_test_top.tb_env.axi_agt.sequencer STREAM:1885}
  CREATE_STREAM @245000 {NAME:seq_rst T:Transactions SCOPE:uvm_test_top.tb_env.axi_agt.sequencer STREAM:717}
  CREATE_STREAM @925000 {NAME:seq_wr T:Transactions SCOPE:uvm_test_top.tb_env.axi_agt.sequencer STREAM:775}
  CREATE_STREAM @1785000 {NAME:seq_rd T:Transactions SCOPE:uvm_test_top.tb_env.axi_agt.sequencer STREAM:821}
  CREATE_STREAM @2465000 {NAME:seq_strb T:Transactions SCOPE:uvm_test_top.tb_env.axi_agt.sequencer STREAM:883}
  CREATE_STREAM @4355000 {NAME:seq_irq T:Transactions SCOPE:uvm_test_top.tb_env.axi_agt.sequencer STREAM:1041}
  CREATE_STREAM @6075000 {NAME:seq_irq_mult T:Transactions SCOPE:uvm_test_top.tb_env.axi_agt.sequencer STREAM:1157}
  CREATE_STREAM @10625000 {NAME:seq_conc T:Transactions SCOPE:uvm_test_top.tb_env.axi_agt.sequencer STREAM:1571}
  CREATE_STREAM @14056000 {NAME:seq_rand T:Transactions SCOPE:uvm_test_top.tb_env.axi_agt.sequencer STREAM:1885}
  CREATE_STREAM @245000 {NAME:seq_rst T:Transactions SCOPE:uvm_test_top.tb_env.axi_agt.sequencer STREAM:717}
  CREATE_STREAM @925000 {NAME:seq_wr T:Transactions SCOPE:uvm_test_top.tb_env.axi_agt.sequencer STREAM:775}
  CREATE_STREAM @1785000 {NAME:seq_rd T:Transactions SCOPE:uvm_test_top.tb_env.axi_agt.sequencer STREAM:821}
  CREATE_STREAM @2465000 {NAME:seq_strb T:Transactions SCOPE:uvm_test_top.tb_env.axi_agt.sequencer STREAM:883}
  CREATE_STREAM @4355000 {NAME:seq_irq T:Transactions SCOPE:uvm_test_top.tb_env.axi_agt.sequencer STREAM:1041}
  CREATE_STREAM @6075000 {NAME:seq_irq_mult T:Transactions SCOPE:uvm_test_top.tb_env.axi_agt.sequencer STREAM:1157}
  CREATE_STREAM @10625000 {NAME:seq_conc T:Transactions SCOPE:uvm_test_top.tb_env.axi_agt.sequencer STREAM:1571}
  CREATE_STREAM @14069000 {NAME:seq_rand T:Transactions SCOPE:uvm_test_top.tb_env.axi_agt.sequencer STREAM:1885}
  CREATE_STREAM @245000 {NAME:seq_rst T:Transactions SCOPE:uvm_test_top.tb_env.axi_agt.sequencer STREAM:717}
  CREATE_STREAM @925000 {NAME:seq_wr T:Transactions SCOPE:uvm_test_top.tb_env.axi_agt.sequencer STREAM:775}
  CREATE_STREAM @1785000 {NAME:seq_rd T:Transactions SCOPE:uvm_test_top.tb_env.axi_agt.sequencer STREAM:821}
  CREATE_STREAM @2465000 {NAME:seq_strb T:Transactions SCOPE:uvm_test_top.tb_env.axi_agt.sequencer STREAM:883}
  CREATE_STREAM @4355000 {NAME:seq_irq T:Transactions SCOPE:uvm_test_top.tb_env.axi_agt.sequencer STREAM:1041}
  CREATE_STREAM @6075000 {NAME:seq_irq_mult T:Transactions SCOPE:uvm_test_top.tb_env.axi_agt.sequencer STREAM:1157}
  CREATE_STREAM @10625000 {NAME:seq_conc T:Transactions SCOPE:uvm_test_top.tb_env.axi_agt.sequencer STREAM:1571}
  CREATE_STREAM @14051000 {NAME:seq_rand T:Transactions SCOPE:uvm_test_top.tb_env.axi_agt.sequencer STREAM:1885}
  CREATE_STREAM @245000 {NAME:seq T:Transactions SCOPE:uvm_test_top.tb_env.axi_agt.sequencer STREAM:709}
  CREATE_STREAM @245000 {NAME:seq T:Transactions SCOPE:uvm_test_top.tb_env.axi_agt.sequencer STREAM:709}
  CREATE_STREAM @245000 {NAME:seq_rst T:Transactions SCOPE:uvm_test_top.tb_env.axi_agt.sequencer STREAM:717}
  CREATE_STREAM @925000 {NAME:seq_wr T:Transactions SCOPE:uvm_test_top.tb_env.axi_agt.sequencer STREAM:775}
  CREATE_STREAM @1785000 {NAME:seq_rd T:Transactions SCOPE:uvm_test_top.tb_env.axi_agt.sequencer STREAM:821}
  CREATE_STREAM @2465000 {NAME:seq_strb T:Transactions SCOPE:uvm_test_top.tb_env.axi_agt.sequencer STREAM:883}
  CREATE_STREAM @4355000 {NAME:seq_irq T:Transactions SCOPE:uvm_test_top.tb_env.axi_agt.sequencer STREAM:1041}
  CREATE_STREAM @6075000 {NAME:seq_irq_mult T:Transactions SCOPE:uvm_test_top.tb_env.axi_agt.sequencer STREAM:1157}
  CREATE_STREAM @10625000 {NAME:seq_conc T:Transactions SCOPE:uvm_test_top.tb_env.axi_agt.sequencer STREAM:1571}
  CREATE_STREAM @14049000 {NAME:seq_rand T:Transactions SCOPE:uvm_test_top.tb_env.axi_agt.sequencer STREAM:1885}
  CREATE_STREAM @19049000 {NAME:seq_unaligned T:Transactions SCOPE:uvm_test_top.tb_env.axi_agt.sequencer STREAM:1899}
  CREATE_STREAM @25385000 {NAME:seq_invalid T:Transactions SCOPE:uvm_test_top.tb_env.axi_agt.sequencer STREAM:2137}
  CREATE_STREAM @30765000 {NAME:seq_led_irq T:Transactions SCOPE:uvm_test_top.tb_env.axi_agt.sequencer STREAM:2215}
  CREATE_STREAM @47765000 {NAME:seq_only_okay T:Transactions SCOPE:uvm_test_top.tb_env.axi_agt.sequencer STREAM:3829}
  CREATE_STREAM @52955000 {NAME:seq_out_of_range T:Transactions SCOPE:uvm_test_top.tb_env.axi_agt.sequencer STREAM:3875}
  CREATE_STREAM @58525000 {NAME:seq_outtanding T:Transactions SCOPE:uvm_test_top.tb_env.axi_agt.sequencer STREAM:3985}
